<?xml version="1.0" encoding="UTF-8"?>
<!-- Generated by org.testng.reporters.JUnitXMLReporter -->
<testsuite ignored="0" hostname="DESKTOP-HDPLE11" failures="0" tests="0" name="DemoTest" time="0.32" errors="0" timestamp="2023-10-31T22:13:27 IST">
  <testcase classname="io.cucumber.testng.AbstractTestNGCucumberTests" name="@BeforeClass setUpClass" time="0.278">
    <failure type="io.cucumber.core.gherkin.FeatureParserException" message="Failed to parse resource at: file:///C:/Users/Akshay/API_Automation_Scratch/RestApiAutomationScratchArtId/scenarios/GET_apiDemo.feature
(2:1): A tag may not contain whitespace
(7:3): expected: #TagLine, #RuleLine, #Comment, #Empty, got &amp;apos;Comment: &amp;quot;Comment TC&amp;quot;&amp;apos;
(8:5): expected: #TagLine, #RuleLine, #Comment, #Empty, got &amp;apos;Given service is up and running&amp;apos;
(9:5): expected: #TagLine, #RuleLine, #Comment, #Empty, got &amp;apos;When user makes REST api call&amp;apos;
(10:5): expected: #TagLine, #RuleLine, #Comment, #Empty, got &amp;apos;Then response should have &amp;quot;Hello World&amp;quot;&amp;apos;
(12:0): unexpected end of file, expected: #TagLine, #RuleLine, #Comment, #Empty">
      <![CDATA[io.cucumber.core.gherkin.FeatureParserException: Failed to parse resource at: file:///C:/Users/Akshay/API_Automation_Scratch/RestApiAutomationScratchArtId/scenarios/GET_apiDemo.feature
(2:1): A tag may not contain whitespace
(7:3): expected: #TagLine, #RuleLine, #Comment, #Empty, got 'Comment: "Comment TC"'
(8:5): expected: #TagLine, #RuleLine, #Comment, #Empty, got 'Given service is up and running'
(9:5): expected: #TagLine, #RuleLine, #Comment, #Empty, got 'When user makes REST api call'
(10:5): expected: #TagLine, #RuleLine, #Comment, #Empty, got 'Then response should have "Hello World"'
(12:0): unexpected end of file, expected: #TagLine, #RuleLine, #Comment, #Empty
at io.cucumber.core.gherkin.messages.GherkinMessagesFeatureParser.parse(GherkinMessagesFeatureParser.java:52)
at io.cucumber.core.feature.FeatureParser.parseResource(FeatureParser.java:47)
at java.base/java.util.function.BiFunction.lambda$andThen$0(BiFunction.java:70)
at io.cucumber.core.resource.ResourceScanner.lambda$processResource$1(ResourceScanner.java:79)
at io.cucumber.core.resource.PathScanner$ResourceFileVisitor.visitFile(PathScanner.java:75)
at io.cucumber.core.resource.PathScanner$ResourceFileVisitor.visitFile(PathScanner.java:60)
at java.base/java.nio.file.Files.walkFileTree(Files.java:2811)
at io.cucumber.core.resource.PathScanner.findResourcesForPath(PathScanner.java:53)
at io.cucumber.core.resource.PathScanner.findResourcesForUri(PathScanner.java:31)
at io.cucumber.core.resource.ResourceScanner.findResourcesForUri(ResourceScanner.java:61)
at io.cucumber.core.resource.ResourceScanner.scanForResourcesUri(ResourceScanner.java:134)
at io.cucumber.core.runtime.FeaturePathFeatureSupplier.loadFeatures(FeaturePathFeatureSupplier.java:62)
at io.cucumber.core.runtime.FeaturePathFeatureSupplier.get(FeaturePathFeatureSupplier.java:45)
at io.cucumber.testng.TestNGCucumberRunner.<init>(TestNGCucumberRunner.java:125)
at io.cucumber.testng.TestNGCucumberRunner.<init>(TestNGCucumberRunner.java:66)
at io.cucumber.testng.AbstractTestNGCucumberTests.setUpClass(AbstractTestNGCucumberTests.java:23)
at java.base/java.util.ArrayList.forEach(ArrayList.java:1511)
... Removed 25 stack frames]]>
    </failure>
  </testcase> <!-- @BeforeClass setUpClass -->
</testsuite> <!-- DemoTest -->
